0 info it worked if it ends with ok
1 verbose cli [ 'node', '/usr/local/bin/npm', 'install' ]
2 info using npm@2.12.1
3 info using node@v0.12.7
4 verbose node symlink /usr/local/bin/node
5 verbose readDependencies loading dependencies from /Users/victoralvarez84/Desktop/Angular2ToDo/package.json
6 warn package.json angular2-boilerplate@1.0.0 No repository field.
7 verbose install where, deps [ '/Users/victoralvarez84/Desktop/Angular2ToDo',
7 verbose install   [ 'angular2',
7 verbose install     'systemjs',
7 verbose install     'es6-shim',
7 verbose install     'reflect-metadata',
7 verbose install     'rxjs',
7 verbose install     'zone.js',
7 verbose install     'autoprefixer',
7 verbose install     'cssnano',
7 verbose install     'concurrently',
7 verbose install     'gulp',
7 verbose install     'gulp-ext-replace',
7 verbose install     'gulp-imagemin',
7 verbose install     'gulp-postcss',
7 verbose install     'gulp-sourcemaps',
7 verbose install     'gulp-typescript',
7 verbose install     'gulp-uglify',
7 verbose install     'gh-pages',
7 verbose install     'lite-server',
7 verbose install     'postcss',
7 verbose install     'postcss-scss',
7 verbose install     'precss' ] ]
8 verbose install where, peers [ '/Users/victoralvarez84/Desktop/Angular2ToDo', [] ]
9 verbose installManyTop reading for lifecycle /Users/victoralvarez84/Desktop/Angular2ToDo/package.json
10 info preinstall angular2-boilerplate@1.0.0
11 verbose installManyTop reading scoped package data from /Users/victoralvarez84/Desktop/Angular2ToDo/node_modules/angular2/package.json
12 verbose installManyTop reading scoped package data from /Users/victoralvarez84/Desktop/Angular2ToDo/node_modules/autoprefixer/package.json
13 verbose installManyTop reading scoped package data from /Users/victoralvarez84/Desktop/Angular2ToDo/node_modules/concurrently/package.json
14 verbose installManyTop reading scoped package data from /Users/victoralvarez84/Desktop/Angular2ToDo/node_modules/cssnano/package.json
15 verbose installManyTop reading scoped package data from /Users/victoralvarez84/Desktop/Angular2ToDo/node_modules/es6-shim/package.json
16 verbose installManyTop reading scoped package data from /Users/victoralvarez84/Desktop/Angular2ToDo/node_modules/gulp/package.json
17 verbose installManyTop reading scoped package data from /Users/victoralvarez84/Desktop/Angular2ToDo/node_modules/gulp-ext-replace/package.json
18 verbose installManyTop reading scoped package data from /Users/victoralvarez84/Desktop/Angular2ToDo/node_modules/gulp-imagemin/package.json
19 verbose installManyTop reading scoped package data from /Users/victoralvarez84/Desktop/Angular2ToDo/node_modules/gulp-postcss/package.json
20 verbose installManyTop reading scoped package data from /Users/victoralvarez84/Desktop/Angular2ToDo/node_modules/gulp-sourcemaps/package.json
21 verbose installManyTop reading scoped package data from /Users/victoralvarez84/Desktop/Angular2ToDo/node_modules/gulp-typescript/package.json
22 verbose installManyTop reading scoped package data from /Users/victoralvarez84/Desktop/Angular2ToDo/node_modules/gulp-uglify/package.json
23 verbose installManyTop reading scoped package data from /Users/victoralvarez84/Desktop/Angular2ToDo/node_modules/lite-server/package.json
24 verbose installManyTop reading scoped package data from /Users/victoralvarez84/Desktop/Angular2ToDo/node_modules/postcss/package.json
25 verbose installManyTop reading scoped package data from /Users/victoralvarez84/Desktop/Angular2ToDo/node_modules/postcss-scss/package.json
26 verbose installManyTop reading scoped package data from /Users/victoralvarez84/Desktop/Angular2ToDo/node_modules/precss/package.json
27 verbose installManyTop reading scoped package data from /Users/victoralvarez84/Desktop/Angular2ToDo/node_modules/reflect-metadata/package.json
28 verbose installManyTop reading scoped package data from /Users/victoralvarez84/Desktop/Angular2ToDo/node_modules/rxjs/package.json
29 verbose installManyTop reading scoped package data from /Users/victoralvarez84/Desktop/Angular2ToDo/node_modules/systemjs/package.json
30 verbose installManyTop reading scoped package data from /Users/victoralvarez84/Desktop/Angular2ToDo/node_modules/zone.js/package.json
31 verbose readDependencies loading dependencies from /Users/victoralvarez84/Desktop/Angular2ToDo/package.json
32 verbose targetResolver reading package data from /Users/victoralvarez84/Desktop/Angular2ToDo/node_modules/angular2/package.json
33 verbose targetResolver reading package data from /Users/victoralvarez84/Desktop/Angular2ToDo/node_modules/autoprefixer/package.json
34 verbose targetResolver reading package data from /Users/victoralvarez84/Desktop/Angular2ToDo/node_modules/concurrently/package.json
35 verbose targetResolver reading package data from /Users/victoralvarez84/Desktop/Angular2ToDo/node_modules/cssnano/package.json
36 verbose targetResolver reading package data from /Users/victoralvarez84/Desktop/Angular2ToDo/node_modules/es6-shim/package.json
37 verbose targetResolver reading package data from /Users/victoralvarez84/Desktop/Angular2ToDo/node_modules/gulp/package.json
38 verbose targetResolver reading package data from /Users/victoralvarez84/Desktop/Angular2ToDo/node_modules/gulp-ext-replace/package.json
39 verbose targetResolver reading package data from /Users/victoralvarez84/Desktop/Angular2ToDo/node_modules/gulp-imagemin/package.json
40 verbose targetResolver reading package data from /Users/victoralvarez84/Desktop/Angular2ToDo/node_modules/gulp-postcss/package.json
41 verbose targetResolver reading package data from /Users/victoralvarez84/Desktop/Angular2ToDo/node_modules/gulp-sourcemaps/package.json
42 verbose targetResolver reading package data from /Users/victoralvarez84/Desktop/Angular2ToDo/node_modules/gulp-typescript/package.json
43 verbose targetResolver reading package data from /Users/victoralvarez84/Desktop/Angular2ToDo/node_modules/gulp-uglify/package.json
44 verbose targetResolver reading package data from /Users/victoralvarez84/Desktop/Angular2ToDo/node_modules/lite-server/package.json
45 verbose targetResolver reading package data from /Users/victoralvarez84/Desktop/Angular2ToDo/node_modules/postcss/package.json
46 verbose targetResolver reading package data from /Users/victoralvarez84/Desktop/Angular2ToDo/node_modules/postcss-scss/package.json
47 verbose targetResolver reading package data from /Users/victoralvarez84/Desktop/Angular2ToDo/node_modules/precss/package.json
48 verbose targetResolver reading package data from /Users/victoralvarez84/Desktop/Angular2ToDo/node_modules/reflect-metadata/package.json
49 verbose targetResolver reading package data from /Users/victoralvarez84/Desktop/Angular2ToDo/node_modules/rxjs/package.json
50 verbose targetResolver reading package data from /Users/victoralvarez84/Desktop/Angular2ToDo/node_modules/systemjs/package.json
51 verbose targetResolver reading package data from /Users/victoralvarez84/Desktop/Angular2ToDo/node_modules/zone.js/package.json
52 verbose targetResolver reading package data from /Users/victoralvarez84/Desktop/Angular2ToDo/node_modules/.bin/concurrent/package.json
53 verbose targetResolver reading package data from /Users/victoralvarez84/Desktop/Angular2ToDo/node_modules/.bin/concurrently/package.json
54 verbose targetResolver reading package data from /Users/victoralvarez84/Desktop/Angular2ToDo/node_modules/.bin/gulp/package.json
55 verbose targetResolver reading package data from /Users/victoralvarez84/Desktop/Angular2ToDo/node_modules/.bin/lite-server/package.json
56 verbose already installed skipping gulp-ext-replace@^0.2.0 /Users/victoralvarez84/Desktop/Angular2ToDo
57 verbose already installed skipping gulp-imagemin@^2.4.0 /Users/victoralvarez84/Desktop/Angular2ToDo
58 verbose already installed skipping gulp-postcss@^6.0.1 /Users/victoralvarez84/Desktop/Angular2ToDo
59 verbose already installed skipping gulp-sourcemaps@^1.6.0 /Users/victoralvarez84/Desktop/Angular2ToDo
60 verbose already installed skipping gulp-typescript@^2.10.0 /Users/victoralvarez84/Desktop/Angular2ToDo
61 verbose already installed skipping gulp-uglify@^1.5.1 /Users/victoralvarez84/Desktop/Angular2ToDo
62 silly cache add args [ 'gh-pages@^1.7.6', null ]
63 verbose cache add spec gh-pages@^1.7.6
64 silly cache add parsed spec { raw: 'gh-pages@^1.7.6',
64 silly cache add   scope: null,
64 silly cache add   name: 'gh-pages',
64 silly cache add   rawSpec: '^1.7.6',
64 silly cache add   spec: '>=1.7.6 <2.0.0',
64 silly cache add   type: 'range' }
65 silly addNamed gh-pages@>=1.7.6 <2.0.0
66 verbose addNamed ">=1.7.6 <2.0.0" is a valid semver range for gh-pages
67 silly addNameRange { name: 'gh-pages', range: '>=1.7.6 <2.0.0', hasData: false }
68 silly mapToRegistry name gh-pages
69 silly mapToRegistry using default registry
70 silly mapToRegistry registry https://registry.npmjs.org/
71 silly mapToRegistry uri https://registry.npmjs.org/gh-pages
72 verbose addNameRange registry:https://registry.npmjs.org/gh-pages not in flight; fetching
73 verbose already installed skipping lite-server@^2.1.0 /Users/victoralvarez84/Desktop/Angular2ToDo
74 verbose already installed skipping postcss@^5.0.13 /Users/victoralvarez84/Desktop/Angular2ToDo
75 verbose already installed skipping postcss-scss@^0.1.3 /Users/victoralvarez84/Desktop/Angular2ToDo
76 verbose already installed skipping precss@^1.3.0 /Users/victoralvarez84/Desktop/Angular2ToDo
77 verbose already installed skipping angular2@2.0.0-beta.14 /Users/victoralvarez84/Desktop/Angular2ToDo
78 verbose already installed skipping systemjs@0.19.25 /Users/victoralvarez84/Desktop/Angular2ToDo
79 verbose already installed skipping es6-shim@^0.35.0 /Users/victoralvarez84/Desktop/Angular2ToDo
80 verbose already installed skipping reflect-metadata@0.1.2 /Users/victoralvarez84/Desktop/Angular2ToDo
81 verbose already installed skipping rxjs@5.0.0-beta.2 /Users/victoralvarez84/Desktop/Angular2ToDo
82 verbose request uri https://registry.npmjs.org/gh-pages
83 verbose request no auth needed
84 info attempt registry request try #1 at 21:54:07
85 verbose request id 14d6c328638fab33
86 verbose etag W/"5859259e-71c5"
87 verbose lastModified Tue, 20 Dec 2016 12:35:42 GMT
88 http request GET https://registry.npmjs.org/gh-pages
89 verbose already installed skipping zone.js@0.6.6 /Users/victoralvarez84/Desktop/Angular2ToDo
90 verbose already installed skipping autoprefixer@^6.3.5 /Users/victoralvarez84/Desktop/Angular2ToDo
91 verbose already installed skipping cssnano@^3.4.0 /Users/victoralvarez84/Desktop/Angular2ToDo
92 verbose already installed skipping concurrently@^2.0.0 /Users/victoralvarez84/Desktop/Angular2ToDo
93 verbose already installed skipping gulp@^3.9.0 /Users/victoralvarez84/Desktop/Angular2ToDo
94 http 200 https://registry.npmjs.org/gh-pages
95 silly get cb [ 200,
95 silly get   { server: 'nginx/1.10.1',
95 silly get     'content-type': 'application/json',
95 silly get     'last-modified': 'Wed, 18 Jan 2017 04:02:23 GMT',
95 silly get     etag: 'W/"587ee8cf-720c"',
95 silly get     'content-encoding': 'gzip',
95 silly get     'cache-control': 'max-age=300',
95 silly get     'content-length': '5806',
95 silly get     'accept-ranges': 'bytes',
95 silly get     date: 'Tue, 24 Jan 2017 02:54:07 GMT',
95 silly get     via: '1.1 varnish',
95 silly get     age: '0',
95 silly get     connection: 'keep-alive',
95 silly get     'x-served-by': 'cache-dfw1844-DFW',
95 silly get     'x-cache': 'HIT',
95 silly get     'x-cache-hits': '1',
95 silly get     'x-timer': 'S1485226447.478415,VS0,VE33',
95 silly get     vary: 'Accept-Encoding' } ]
96 verbose get saving gh-pages to /Users/victoralvarez84/.npm/registry.npmjs.org/gh-pages/.cache.json
97 silly addNameRange number 2 { name: 'gh-pages', range: '>=1.7.6 <2.0.0', hasData: true }
98 silly addNameRange versions [ 'gh-pages',
98 silly addNameRange   [ '0.1.0',
98 silly addNameRange     '0.2.0',
98 silly addNameRange     '0.3.0',
98 silly addNameRange     '0.3.1',
98 silly addNameRange     '0.4.0',
98 silly addNameRange     '0.5.0',
98 silly addNameRange     '0.6.0',
98 silly addNameRange     '0.7.0',
98 silly addNameRange     '0.8.0',
98 silly addNameRange     '0.9.0',
98 silly addNameRange     '0.10.0',
98 silly addNameRange     '0.11.0',
98 silly addNameRange     '0.12.0' ] ]
99 verbose stack Error: No compatible version found: gh-pages@'>=1.7.6 <2.0.0'
99 verbose stack Valid install targets:
99 verbose stack ["0.1.0","0.2.0","0.3.0","0.3.1","0.4.0","0.5.0","0.6.0","0.7.0","0.8.0","0.9.0","0.10.0","0.11.0","0.12.0"]
99 verbose stack
99 verbose stack     at installTargetsError (/usr/local/lib/node_modules/npm/lib/cache/add-named.js:274:12)
99 verbose stack     at next (/usr/local/lib/node_modules/npm/lib/cache/add-named.js:253:17)
99 verbose stack     at setData (/usr/local/lib/node_modules/npm/lib/cache/add-named.js:230:5)
99 verbose stack     at RES (/usr/local/lib/node_modules/npm/node_modules/inflight/inflight.js:23:14)
99 verbose stack     at f (/usr/local/lib/node_modules/npm/node_modules/once/once.js:17:25)
99 verbose stack     at fixName (/usr/local/lib/node_modules/npm/lib/cache/add-named.js:29:5)
99 verbose stack     at saved (/usr/local/lib/node_modules/npm/lib/cache/caching-client.js:173:7)
99 verbose stack     at FSReqWrap.oncomplete (fs.js:95:15)
100 verbose cwd /Users/victoralvarez84/Desktop/Angular2ToDo
101 error Darwin 14.5.0
102 error argv "node" "/usr/local/bin/npm" "install"
103 error node v0.12.7
104 error npm  v2.12.1
105 error code ETARGET
106 error notarget No compatible version found: gh-pages@'>=1.7.6 <2.0.0'
106 error notarget Valid install targets:
106 error notarget ["0.1.0","0.2.0","0.3.0","0.3.1","0.4.0","0.5.0","0.6.0","0.7.0","0.8.0","0.9.0","0.10.0","0.11.0","0.12.0"]
106 error notarget
106 error notarget This is most likely not a problem with npm itself.
106 error notarget In most cases you or one of your dependencies are requesting
106 error notarget a package version that doesn't exist.
106 error notarget
106 error notarget It was specified as a dependency of 'angular2-boilerplate'
107 verbose exit [ 1, true ]
